[35m[Appium][39m Welcome to Appium v1.8.1
[35m[Appium][39m Non-default server args:
[35m[Appium][39m   port: 58949
[35m[Appium][39m   loglevel: info
[35m[Appium][39m   chromeDriverPort: 58950
[35m[Appium][39m   tmpDir: C:\Users\echogeer\AppData\Local\Temp\\Katalon\Appium\Temp1591033113696
[35m[Appium][39m Appium REST http interface listener started on 0.0.0.0:58949
[35m[HTTP][39m [37m-->[39m [37mGET[39m [37m/wd/hub/status[39m
[35m[HTTP][39m [90m{}[39m
[35m[HTTP][39m [37m<-- GET /wd/hub/status [39m[32m200[39m [90m59 ms - 83[39m
[35m[HTTP][39m [90m[39m
[35m[HTTP][39m [37m-->[39m [37mGET[39m [37m/wd/hub/status[39m
[35m[HTTP][39m [90m{}[39m
[35m[HTTP][39m [37m<-- GET /wd/hub/status [39m[32m200[39m [90m53 ms - 83[39m
[35m[HTTP][39m [90m[39m
[35m[HTTP][39m [37m-->[39m [37mPOST[39m [37m/wd/hub/session[39m
[35m[HTTP][39m [90m{"desiredCapabilities":{"app":"D:\\Test\\Quipper\\AutomatePlaylist\\Data Files\\app\\TenjiApp.apk","noReset":true,"deviceId":"emulator-5554","deviceName":"emulator-5554 (ONEPLUS A3010 - Android 7.1.1)","fullReset":false,"platform":"ANDROID","newCommandTimeout":1800,"platformVersion":"7.1.1","automationName":"uiautomator2","autoGrantPermissions":true,"platformName":"Android","udid":"emulator-5554","systemPort":58961},"capabilities":{"firstMatch":[{"appium:app":"D:\\Test\\Quipper\\AutomatePlaylist\\Data Files\\app\\TenjiApp.apk","appium:autoGrantPermissions":true,"appium:automationName":"uiautomator2","deviceId":"emulator-5554","appium:deviceName":"emulator-5554 (ONEPLUS A3010 - Android 7.1.1)","appium:fullReset":false,"appium:newCommandTimeout":1800,"appium:noReset":true,"platform":"ANDROID","platformName":"android","appium:platformVersion":"7.1.1","appium:systemPort":58961,"appium:udid":"emulator-5554"}]}}[39m
[35m[BaseDriver][39m The capabilities ["deviceId","platform"] are not standard capabilities and should have an extension prefix
[35m[Appium][39m Creating new AndroidUiautomator2Driver (v1.12.0) session
[35m[Appium][39m Capabilities:
[35m[Appium][39m   deviceId: emulator-5554
[35m[Appium][39m   platform: ANDROID
[35m[Appium][39m   platformName: android
[35m[Appium][39m   app: D:\Test\Quipper\AutomatePlaylist\Data Files\app\TenjiApp.apk
[35m[Appium][39m   autoGrantPermissions: true
[35m[Appium][39m   automationName: uiautomator2
[35m[Appium][39m   deviceName: emulator-5554 (ONEPLUS A3010 - Android 7.1.1)
[35m[Appium][39m   fullReset: false
[35m[Appium][39m   newCommandTimeout: 1800
[35m[Appium][39m   noReset: true
[35m[Appium][39m   platformVersion: 7.1.1
[35m[Appium][39m   systemPort: 58961
[35m[Appium][39m   udid: emulator-5554
[35m[BaseDriver][39m The following capabilities were provided, but are not recognized by appium: deviceId, platform.
[35m[BaseDriver][39m Session created with session id: 450b4f15-5f58-4f60-ad7c-e7baf9ac0a6d
[35m[BaseDriver][39m Using local app 'D:\Test\Quipper\AutomatePlaylist\Data Files\app\TenjiApp.apk'
[35m[AndroidDriver][39m Java version is: 1.8.0_181
[35m[ADB][39m Checking whether adb is present
[35m[ADB][39m Found 1 'build-tools' folders under 'C:\Users\echogeer\.katalon\tools\android_sdk' (newest first):
[35m[ADB][39m     C:/Users/echogeer/.katalon/tools/android_sdk/build-tools/29.0.1
[35m[ADB][39m Using adb.exe from C:\Users\echogeer\.katalon\tools\android_sdk\platform-tools\adb.exe
[35m[AndroidDriver][39m Retrieving device list
[35m[AndroidDriver][39m Using device: emulator-5554
[35m[ADB][39m Using the alternative activity name detection method because of: Could not find apkanalyzer.bat in C:\Users\echogeer\.katalon\tools\android_sdk\platform-tools\apkanalyzer.bat,C:\Users\echogeer\.katalon\tools\android_sdk\emulator\apkanalyzer.bat,C:\Users\echogeer\.katalon\tools\android_sdk\tools\apkanalyzer.bat,C:\Users\echogeer\.katalon\tools\android_sdk\tools\bin\apkanalyzer.bat,C:\Users\echogeer\.katalon\tools\android_sdk\build-tools\29.0.1\apkanalyzer.bat. Do you have the Android SDK installed at 'C:\Users\echogeer\.katalon\tools\android_sdk'?
[35m[ADB][39m Checking whether aapt is present
[35m[ADB][39m Using aapt.exe from C:\Users\echogeer\.katalon\tools\android_sdk\build-tools\29.0.1\aapt.exe
[35m[ADB][39m Extracting package and launch activity from manifest
[35m[ADB][39m Package name: 'com.quipper.tenji'
[35m[ADB][39m Main activity name: 'com.quipper.tenji.MainActivity'
[35m[ADB][39m Getting device platform version
[35m[ADB][39m Using apksigner.bat from C:\Users\echogeer\.katalon\tools\android_sdk\build-tools\29.0.1\apksigner.bat
[35m[ADB][39m Cannot read version codes of 'C:\Users\echogeer\AppData\Roaming\npm\node_modules\appium\node_modules\appium-uiautomator2-server\apks\appium-uiautomator2-server-debug-androidTest.apk' and/or 'io.appium.uiautomator2.server.test'
[35m[ADB][39m Cannot read version names of 'C:\Users\echogeer\AppData\Roaming\npm\node_modules\appium\node_modules\appium-uiautomator2-server\apks\appium-uiautomator2-server-debug-androidTest.apk' and/or 'io.appium.uiautomator2.server.test'. Assuming correct app version is already installed
[35m[AndroidDriver][39m setDeviceLanguageCountry requires language or country.
[35m[AndroidDriver][39m Got language: 'null' and country: 'null'
[35m[ADB][39m Successfully extracted 68 strings from 'D:\Test\Quipper\AutomatePlaylist\Data Files\app\TenjiApp.apk' resources for '(default)' configuration
[35m[UiAutomator2][39m Starting uiautomator2 server 1.12.0
[35m[UiAutomator2][39m Using UIAutomator2 server from 'C:\Users\echogeer\AppData\Roaming\npm\node_modules\appium\node_modules\appium-uiautomator2-server\apks\appium-uiautomator2-server-v1.12.0.apk' and test from 'C:\Users\echogeer\AppData\Roaming\npm\node_modules\appium\node_modules\appium-uiautomator2-server\apks\appium-uiautomator2-server-debug-androidTest.apk'
[35m[UiAutomator2][39m Running command: 'adb -s emulator-5554 shell am instrument -w io.appium.uiautomator2.server.test/android.support.test.runner.AndroidJUnitRunner'
[35m[UiAutomator2][39m Waiting up to 20000ms for UiAutomator2 to be online...
[35m[AndroidDriver][39m Screen already unlocked, doing nothing
[35m[UiAutomator2][39m UiAutomator2 did not start the activity we were waiting for, 'com.quipper.tenji/com.quipper.tenji.MainActivity'. Starting it ourselves
[35m[Appium][39m New AndroidUiautomator2Driver session created successfully, session 450b4f15-5f58-4f60-ad7c-e7baf9ac0a6d added to master session list
[35m[HTTP][39m [37m<-- POST /wd/hub/session [39m[32m200[39m [90m15871 ms - 1318[39m
[35m[HTTP][39m [90m[39m
[35m[HTTP][39m [37m-->[39m [37mGET[39m [37m/wd/hub/session/450b4f15-5f58-4f60-ad7c-e7baf9ac0a6d[39m
[35m[HTTP][39m [90m{}[39m
[35m[HTTP][39m [37m<-- GET /wd/hub/session/450b4f15-5f58-4f60-ad7c-e7baf9ac0a6d [39m[32m200[39m [90m24 ms - 1250[39m
[35m[HTTP][39m [90m[39m
[35m[HTTP][39m [37m-->[39m [37mGET[39m [37m/wd/hub/session/450b4f15-5f58-4f60-ad7c-e7baf9ac0a6d[39m
[35m[HTTP][39m [90m{}[39m
[35m[HTTP][39m [37m<-- GET /wd/hub/session/450b4f15-5f58-4f60-ad7c-e7baf9ac0a6d [39m[32m200[39m [90m11 ms - 1250[39m
[35m[HTTP][39m [90m[39m
[35m[HTTP][39m [37m-->[39m [37mGET[39m [37m/wd/hub/status[39m
[35m[HTTP][39m [90m{}[39m
[35m[HTTP][39m [37m<-- GET /wd/hub/status [39m[32m200[39m [90m63 ms - 55[39m
[35m[HTTP][39m [90m[39m
[35m[HTTP][39m [37m-->[39m [37mPOST[39m [37m/wd/hub/session/450b4f15-5f58-4f60-ad7c-e7baf9ac0a6d/timeouts[39m
[35m[HTTP][39m [90m{"implicit":60000}[39m
[35m[HTTP][39m [37m<-- POST /wd/hub/session/450b4f15-5f58-4f60-ad7c-e7baf9ac0a6d/timeouts [39m[32m200[39m [90m4 ms - 14[39m
[35m[HTTP][39m [90m[39m
[35m[HTTP][39m [37m-->[39m [37mGET[39m [37m/wd/hub/session/450b4f15-5f58-4f60-ad7c-e7baf9ac0a6d/source[39m
[35m[HTTP][39m [90m{}[39m
[35m[W3C][39m Driver proxy active, passing request on via HTTP proxy
[35m[JSONWP Proxy][39m Replacing sessionId f60310ec-3022-4c5f-afd1-ce1bef75b140 with 450b4f15-5f58-4f60-ad7c-e7baf9ac0a6d
[35m[HTTP][39m [37m<-- GET /wd/hub/session/450b4f15-5f58-4f60-ad7c-e7baf9ac0a6d/source [39m[32m200[39m [90m91 ms - 18789[39m
[35m[HTTP][39m [90m[39m
[35m[HTTP][39m [37m-->[39m [37mGET[39m [37m/wd/hub/session/450b4f15-5f58-4f60-ad7c-e7baf9ac0a6d/screenshot[39m
[35m[HTTP][39m [90m{}[39m
[35m[HTTP][39m [37m<-- GET /wd/hub/session/450b4f15-5f58-4f60-ad7c-e7baf9ac0a6d/screenshot [39m[32m200[39m [90m587 ms - 190796[39m
[35m[HTTP][39m [90m[39m
[35m[HTTP][39m [37m-->[39m [37mGET[39m [37m/wd/hub/session/450b4f15-5f58-4f60-ad7c-e7baf9ac0a6d/source[39m
[35m[HTTP][39m [90m{}[39m
[35m[W3C][39m Driver proxy active, passing request on via HTTP proxy
[35m[JSONWP Proxy][39m Replacing sessionId f60310ec-3022-4c5f-afd1-ce1bef75b140 with 450b4f15-5f58-4f60-ad7c-e7baf9ac0a6d
[35m[HTTP][39m [37m<-- GET /wd/hub/session/450b4f15-5f58-4f60-ad7c-e7baf9ac0a6d/source [39m[32m200[39m [90m151 ms - 53438[39m
[35m[HTTP][39m [90m[39m
[35m[HTTP][39m [37m-->[39m [37mGET[39m [37m/wd/hub/session/450b4f15-5f58-4f60-ad7c-e7baf9ac0a6d/screenshot[39m
[35m[HTTP][39m [90m{}[39m
[35m[HTTP][39m [37m<-- GET /wd/hub/session/450b4f15-5f58-4f60-ad7c-e7baf9ac0a6d/screenshot [39m[32m200[39m [90m247 ms - 340648[39m
[35m[HTTP][39m [90m[39m
[35m[HTTP][39m [37m-->[39m [37mDELETE[39m [37m/wd/hub/session/450b4f15-5f58-4f60-ad7c-e7baf9ac0a6d[39m
[35m[HTTP][39m [90m{}[39m
[35m[Appium][39m Removing session 450b4f15-5f58-4f60-ad7c-e7baf9ac0a6d from our master session list
[35m[HTTP][39m [37m<-- DELETE /wd/hub/session/450b4f15-5f58-4f60-ad7c-e7baf9ac0a6d [39m[32m200[39m [90m473 ms - 14[39m
[35m[HTTP][39m [90m[39m
